********************************************************************************
DUPLICATOR-LITE PACKAGE-LOG: 2017-05-19 05:59:31
NOTICE: Do NOT post to public sites or forums 
********************************************************************************
VERSION:	1.2.6
WORDPRESS:	4.7.5
PHP INFO:	5.6.24 | SAPI: apache2handler
SERVER:		Apache/2.4.23 (Win32) OpenSSL/1.0.2h PHP/5.6.24 
PHP TIME LIMIT: (0) no time limit imposed 
PHP MAX MEMORY: 2048M (128M default) 
MEMORY STACK: 32.25MB 

********************************************************************************
DATABASE:
********************************************************************************
BUILD MODE:   PHP(query limit - 100)
MYSQLTIMEOUT: 5000
MYSQLDUMP:    Is Supported 
TABLES: total:14 | filtered:0 | create:14 
FILTERED: [] 
SQL CREATED: 20170519_jobmastery_fde0e10fa0d4d6f44189170519055900_database.sql 
SQL FILE SIZE: 6.09MB (6384747) 
SQL FILE TIME: 2017-05-19 05:59:32 
SQL RUNTIME: 1.07 sec. 

******************************************************************************** 
ARCHIVE (ZIP): 
******************************************************************************** 
ARCHIVE DIR:  C:/xampp/htdocs/CP3402 
ARCHIVE FILE: 20170519_jobmastery_fde0e10fa0d4d6f44189170519055900_archive.zip 
FILTERS: *OFF* 
DIRS: not set 
EXTS:  not set 
---------------------------------------- 
COMPRESSING 
SIZE:	95.36MB 
STATS:	Dirs 467 | Files 3,883 
SQL ADDED: 20170519_jobmastery_fde0e10fa0d4d6f44189170519055900_database.sql 
ZipArchive Object
(
    [status] => 0
    [statusSys] => 0
    [numFiles] => 4350
    [filename] => C:\xampp\htdocs\CP3402\wp-snapshots\tmp\20170519_jobmastery_fde0e10fa0d4d6f44189170519055900_archive.zip
    [comment] => 
)
 
COMPRESSION RESULT: '1' 
COMPRESSED SIZE: 51.65MB 
ARCHIVE RUNTIME: 103.71 sec. 
MEMORY STACK: 33.75MB 

******************************************************************************** 
MAKE INSTALLER: 
******************************************************************************** 
Build Start 
Build Finished 
Preping for use 
Template parsed with new data 
Complete [C:/xampp/htdocs/CP3402/wp-snapshots/tmp/20170519_jobmastery_fde0e10fa0d4d6f44189170519055900_installer.php] 
Added to archive 

******************************************************************************** 
INTEGRITY CHECKS: 
******************************************************************************** 
SQL File: 6.09MB 
Installer File: 422.08KB 
Archive File: 51.65MB  

********************************************************************************
RECORD ID:[1]
TOTAL PROCESS RUNTIME: 114.83 sec.
PEAK PHP MEMORY USED: 36.25MB
DONE PROCESSING => 20170519_jobmastery 2017-05-19 06:01:26
 
